#
# A fatal error has been detected by the Java Runtime Environment:
#
#  EXCEPTION_ACCESS_VIOLATION (0xc0000005) at pc=0x6d8fbbe5, pid=2876, tid=2348
#
# JRE version: 6.0_20-b02
# Java VM: Java HotSpot(TM) Client VM (16.3-b01 mixed mode, sharing windows-x86 )
# Problematic frame:
# V  [jvm.dll+0xfbbe5]
#
# If you would like to submit a bug report, please visit:
#   http://java.sun.com/webapps/bugreport/crash.jsp
#

---------------  T H R E A D  ---------------

Current thread (0x04555c00):  JavaThread "AWT-Windows" daemon [_thread_in_vm, id=2348, stack(0x04980000,0x049d0000)]

siginfo: ExceptionCode=0xc0000005, reading address 0x00000000

Registers:
EAX=0x00000000, EBX=0x04555d10, ECX=0x00000006, EDX=0x049cf770
ESP=0x049cf6e4, EBP=0x049cf72c, ESI=0x04555c00, EDI=0x00000000
EIP=0x6d8fbbe5, EFLAGS=0x00010246

Top of Stack: (sp=0x049cf6e4)
0x049cf6e4:   00000000 00000000 00000100 049cf6e4
0x049cf6f4:   049cf6e8 049cf7c8 6d9fbc40 6d9fd2f0
0x049cf704:   ffffffff 049cf718 6d8010e0 04555c00
0x049cf714:   04555c00 049cf738 04555c00 00000000
0x049cf724:   00000006 00000004 049cf764 10001465
0x049cf734:   04555d10 00000000 00000000 049cf770
0x049cf744:   00000000 7ffae6cc 00000102 00000000
0x049cf754:   00000000 00000000 04555d10 009cf8cc 

Instructions: (pc=0x6d8fbbe5)
0x6d8fbbd5:   00 00 00 74 08 8d 4d f0 e8 de e6 08 00 8b 7d 10
0x6d8fbbe5:   8b 07 c7 45 e0 0a 00 00 00 8b 48 08 0f b7 51 2a 


Stack: [0x04980000,0x049d0000],  sp=0x049cf6e4,  free space=13d049cf218k
Native frames: (J=compiled Java code, j=interpreted, Vv=VM code, C=native code)
V  [jvm.dll+0xfbbe5]
C  [swt-win32-3452.dll+0x1465]
C  0x021c0115
C  [USER32.dll+0x8e2d]
C  [USER32.dll+0x19c66]
C  [USER32.dll+0x1a1db]
C  [ntdll.dll+0x65dae]
C  [USER32.dll+0x2054d]

Java frames: (J=compiled Java code, j=interpreted, Vv=VM code)
j  sun.awt.windows.WToolkit.eventLoop()V+0
j  sun.awt.windows.WToolkit.run()V+77
j  java.lang.Thread.run()V+11
v  ~StubRoutines::call_stub

---------------  P R O C E S S  ---------------

Java Threads: ( => current thread )
  0x0465cc00 JavaThread "Timer-0" [_thread_blocked, id=2524, stack(0x0b6b0000,0x0b700000)]
  0x0465c400 JavaThread "Loop thread: com.sun.media.parser.RawBufferParser$FrameTrack@193a66f" [_thread_blocked, id=3892, stack(0x0b660000,0x0b6b0000)]
  0x0465c000 JavaThread "JMF thread: com.sun.media.ProcessEngine@2a6f16 ( prefetchThread)" [_thread_blocked, id=1580, stack(0x0b610000,0x0b660000)]
  0x0465b800 JavaThread "JMF thread: com.sun.media.processor.unknown.Handler@84da23 ( prefetchThread)" [_thread_blocked, id=2928, stack(0x0b5c0000,0x0b610000)]
  0x0465b400 JavaThread "JMF thread (PlayThread)" [_thread_blocked, id=2716, stack(0x0b570000,0x0b5c0000)]
  0x0465ac00 JavaThread "Loop thread: com.sun.media.parser.RawBufferParser$FrameTrack@13adc56" [_thread_blocked, id=2384, stack(0x0b520000,0x0b570000)]
  0x0465a800 JavaThread "Thread-3" [_thread_blocked, id=492, stack(0x0b4d0000,0x0b520000)]
  0x0465a000 JavaThread "JMF thread: com.sun.media.ProcessEngine@1bc82e7 ( prefetchThread)" [_thread_blocked, id=4036, stack(0x0b480000,0x0b4d0000)]
  0x04659c00 JavaThread "JMF thread: com.sun.media.processor.unknown.Handler@1e59128 ( prefetchThread)" [_thread_blocked, id=3512, stack(0x0b430000,0x0b480000)]
  0x020fe400 JavaThread "JMF thread (PlayThread)" [_thread_blocked, id=2660, stack(0x0b3e0000,0x0b430000)]
  0x020fe000 JavaThread "RTCP Reporter" daemon [_thread_blocked, id=1060, stack(0x0b390000,0x0b3e0000)]
  0x020fd800 JavaThread "SSRC Cache Cleaner" daemon [_thread_blocked, id=3568, stack(0x0b340000,0x0b390000)]
  0x020fd400 JavaThread "RTP Forwarder for address 142.104.211.178 port 22222" daemon [_thread_in_native, id=3084, stack(0x0b2f0000,0x0b340000)]
  0x020fcc00 JavaThread "RTCP Forwarder for address142.104.211.178 port 22223" daemon [_thread_in_native, id=2736, stack(0x0b2a0000,0x0b2f0000)]
  0x020fb400 JavaThread "RTPEventHandler" daemon [_thread_blocked, id=3644, stack(0x0af10000,0x0af60000)]
  0x020fbc00 JavaThread "Loop thread" [_thread_blocked, id=2888, stack(0x0af60000,0x0afb0000)]
  0x020fc800 JavaThread "RawBufferStream Thread" [_thread_blocked, id=2868, stack(0x0b130000,0x0b180000)]
  0x020fc000 JavaThread "Image Fetcher 0" daemon [_thread_blocked, id=3704, stack(0x0afb0000,0x0b000000)]
  0x020fb000 JavaThread "JMF thread: SendEventQueue: com.sun.media.ProcessEngine" [_thread_blocked, id=2664, stack(0x0aec0000,0x0af10000)]
  0x020fa800 JavaThread "JMF thread: SendEventQueue: com.sun.media.processor.unknown.Handler" [_thread_blocked, id=3384, stack(0x0ac30000,0x0ac80000)]
  0x020f9c00 JavaThread "JMF thread" [_thread_blocked, id=2268, stack(0x0abe0000,0x0ac30000)]
  0x020fa400 JavaThread "Loop thread" [_thread_blocked, id=3904, stack(0x0ac80000,0x0acd0000)]
  0x020f9800 JavaThread "JMF thread: SendEventQueue: com.sun.media.ProcessEngine" [_thread_blocked, id=3440, stack(0x0ab90000,0x0abe0000)]
  0x020f9000 JavaThread "JMF thread: SendEventQueue: com.sun.media.processor.unknown.Handler" [_thread_blocked, id=3192, stack(0x0a5c0000,0x0a610000)]
  0x020f8c00 JavaThread "JMF thread" [_thread_blocked, id=3436, stack(0x0a550000,0x0a5a0000)]
  0x020f7400 JavaThread "D3D Screen Updater" daemon [_thread_blocked, id=1812, stack(0x09380000,0x093d0000)]
  0x020f8000 JavaThread "Loop thread: com.sun.media.renderer.video.GDIRenderer@192b996" [_thread_blocked, id=1416, stack(0x093e0000,0x09430000)]
  0x020f8400 JavaThread "Loop thread: com.sun.media.parser.RawBufferParser$FrameTrack@aeffdf" [_thread_blocked, id=3504, stack(0x08d20000,0x08d70000)]
  0x020f7800 JavaThread "Loop thread" [_thread_blocked, id=3732, stack(0x08ee0000,0x08f30000)]
  0x020f6c00 JavaThread "VFW TransferDataThread" [_thread_blocked, id=3460, stack(0x08f80000,0x08fd0000)]
  0x0454b400 JavaThread "VFW VideoPollThread" [_thread_blocked, id=2584, stack(0x08f30000,0x08f80000)]
  0x0454b000 JavaThread "JMF thread: SendEventQueue: com.sun.media.ProcessEngine" [_thread_blocked, id=1372, stack(0x08cd0000,0x08d20000)]
  0x0459e800 JavaThread "JMF thread: SendEventQueue: com.sun.media.processor.unknown.Handler" [_thread_blocked, id=1740, stack(0x08c80000,0x08cd0000)]
  0x0459e000 JavaThread "VFW Request Thread" [_thread_blocked, id=3244, stack(0x078e0000,0x07930000)]
  0x04558400 JavaThread "AWT-EventQueue-0" [_thread_blocked, id=2672, stack(0x04fe0000,0x05030000)]
=>0x04555c00 JavaThread "AWT-Windows" daemon [_thread_in_vm, id=2348, stack(0x04980000,0x049d0000)]
  0x04553000 JavaThread "AWT-Shutdown" [_thread_blocked, id=3832, stack(0x04930000,0x04980000)]
  0x04552c00 JavaThread "Java2D Disposer" daemon [_thread_blocked, id=256, stack(0x048e0000,0x04930000)]
  0x02052800 JavaThread "Low Memory Detector" daemon [_thread_blocked, id=980, stack(0x043f0000,0x04440000)]
  0x0203f800 JavaThread "CompilerThread0" daemon [_thread_blocked, id=3224, stack(0x043a0000,0x043f0000)]
  0x0203e800 JavaThread "Attach Listener" daemon [_thread_blocked, id=436, stack(0x04350000,0x043a0000)]
  0x0203b800 JavaThread "Signal Dispatcher" daemon [_thread_blocked, id=2544, stack(0x04300000,0x04350000)]
  0x02032000 JavaThread "Finalizer" daemon [_thread_blocked, id=2288, stack(0x042b0000,0x04300000)]
  0x02030c00 JavaThread "Reference Handler" daemon [_thread_blocked, id=3964, stack(0x04260000,0x042b0000)]
  0x00349800 JavaThread "main" [_thread_blocked, id=3572, stack(0x00360000,0x003b0000)]

Other Threads:
  0x0202f800 VMThread [stack: 0x003b0000,0x00400000] [id=1760]
  0x0205c400 WatcherThread [stack: 0x04440000,0x04490000] [id=252]

VM state:not at safepoint (normal execution)

VM Mutex/Monitor currently owned by a thread: None

Heap
 def new generation   total 16128K, used 4043K [0x241e0000, 0x25350000, 0x29730000)
  eden space 14400K,  28% used [0x241e0000, 0x245d2f48, 0x24ff0000)
  from space 1728K,   0% used [0x24ff0000, 0x24ff0000, 0x251a0000)
  to   space 1728K,   0% used [0x251a0000, 0x251a0000, 0x25350000)
 tenured generation   total 35456K, used 21272K [0x29730000, 0x2b9d0000, 0x341e0000)
   the space 35456K,  59% used [0x29730000, 0x2abf6060, 0x2abf6200, 0x2b9d0000)
 compacting perm gen  total 12288K, used 5962K [0x341e0000, 0x34de0000, 0x381e0000)
   the space 12288K,  48% used [0x341e0000, 0x347b2860, 0x347b2a00, 0x34de0000)
    ro space 10240K,  51% used [0x381e0000, 0x3870ae00, 0x3870ae00, 0x38be0000)
    rw space 12288K,  54% used [0x38be0000, 0x392772d8, 0x39277400, 0x397e0000)

Dynamic libraries:
0x00400000 - 0x00424000 	C:\Program Files\Java\jre6\bin\javaw.exe
0x76f80000 - 0x770a7000 	C:\Windows\system32\ntdll.dll
0x757f0000 - 0x758cc000 	C:\Windows\system32\kernel32.dll
0x75a80000 - 0x75b46000 	C:\Windows\system32\ADVAPI32.dll
0x76a40000 - 0x76b03000 	C:\Windows\system32\RPCRT4.dll
0x769a0000 - 0x76a3d000 	C:\Windows\system32\USER32.dll
0x75bd0000 - 0x75c1b000 	C:\Windows\system32\GDI32.dll
0x770c0000 - 0x770de000 	C:\Windows\system32\IMM32.DLL
0x75c20000 - 0x75ce8000 	C:\Windows\system32\MSCTF.dll
0x76ca0000 - 0x76d4a000 	C:\Windows\system32\msvcrt.dll
0x770b0000 - 0x770b9000 	C:\Windows\system32\LPK.DLL
0x75a00000 - 0x75a7d000 	C:\Windows\system32\USP10.dll
0x7c340000 - 0x7c396000 	C:\Program Files\Java\jre6\bin\msvcr71.dll
0x6d800000 - 0x6da97000 	C:\Program Files\Java\jre6\bin\client\jvm.dll
0x73b40000 - 0x73b72000 	C:\Windows\system32\WINMM.dll
0x76e30000 - 0x76f75000 	C:\Windows\system32\ole32.dll
0x75d70000 - 0x75dfd000 	C:\Windows\system32\OLEAUT32.dll
0x73b00000 - 0x73b3d000 	C:\Windows\system32\OLEACC.dll
0x75620000 - 0x7564c000 	C:\Windows\system32\apphelp.dll
0x6d7b0000 - 0x6d7bc000 	C:\Program Files\Java\jre6\bin\verify.dll
0x6d330000 - 0x6d34f000 	C:\Program Files\Java\jre6\bin\java.dll
0x6d290000 - 0x6d298000 	C:\Program Files\Java\jre6\bin\hpi.dll
0x75750000 - 0x75757000 	C:\Windows\system32\PSAPI.DLL
0x6d7f0000 - 0x6d7ff000 	C:\Program Files\Java\jre6\bin\zip.dll
0x10000000 - 0x10055000 	C:\Users\Caleb\AppData\Local\Temp\swt-win32-3452.dll
0x75b50000 - 0x75bc3000 	C:\Windows\system32\comdlg32.dll
0x77140000 - 0x77199000 	C:\Windows\system32\SHLWAPI.dll
0x74780000 - 0x7491e000 	C:\Windows\WinSxS\x86_microsoft.windows.common-controls_6595b64144ccf1df_6.0.6002.18005_none_5cb72f96088b0de0\COMCTL32.dll
0x75e00000 - 0x76910000 	C:\Windows\system32\SHELL32.dll
0x76d50000 - 0x76e21000 	C:\Windows\system32\WININET.dll
0x771a0000 - 0x771a3000 	C:\Windows\system32\Normaliz.dll
0x75d20000 - 0x75d65000 	C:\Windows\system32\iertutil.dll
0x744d0000 - 0x7450f000 	C:\Windows\system32\uxtheme.dll
0x021d0000 - 0x021e5000 	C:\Windows\System32\jmutil.dll
0x6d000000 - 0x6d14a000 	C:\Program Files\Java\jre6\bin\awt.dll
0x6fc00000 - 0x6fc42000 	C:\Windows\system32\WINSPOOL.DRV
0x04690000 - 0x046a4000 	C:\Users\Caleb\AppData\Local\Temp\swt-gdip-win32-3452.dll
0x73d00000 - 0x73eab000 	C:\Windows\WinSxS\x86_microsoft.windows.gdiplus_6595b64144ccf1df_1.0.6002.18005_none_9e50b396ca17ae07\gdiplus.dll
0x73140000 - 0x7314c000 	C:\Windows\system32\DWMAPI.DLL
0x6d230000 - 0x6d284000 	C:\Program Files\Java\jre6\bin\fontmanager.dll
0x6f810000 - 0x6f9ca000 	C:\Windows\system32\d3d9.dll
0x74e70000 - 0x74e78000 	C:\Windows\system32\VERSION.dll
0x70320000 - 0x70326000 	C:\Windows\system32\d3d8thk.dll
0x6b590000 - 0x6bcf4000 	C:\Windows\system32\nvd3dum.dll
0x74b20000 - 0x74b3a000 	C:\Windows\system32\powrprof.dll
0x07930000 - 0x0793d000 	C:\Windows\System32\jmvfw.dll
0x6e6f0000 - 0x6e703000 	C:\Windows\system32\AVICAP32.dll
0x07940000 - 0x07963000 	C:\Windows\system32\MSVFW32.dll
0x6e730000 - 0x6e736000 	C:\Windows\system32\DCIMAN32.DLL
0x73a50000 - 0x73a7f000 	C:\Windows\system32\wdmaud.drv
0x73f70000 - 0x73f74000 	C:\Windows\system32\ksuser.dll
0x74700000 - 0x74728000 	C:\Windows\system32\MMDevAPI.DLL
0x74b10000 - 0x74b17000 	C:\Windows\system32\AVRT.dll
0x76b10000 - 0x76c9a000 	C:\Windows\system32\SETUPAPI.dll
0x74970000 - 0x7499d000 	C:\Windows\system32\WINTRUST.dll
0x751a0000 - 0x75292000 	C:\Windows\system32\CRYPT32.dll
0x75300000 - 0x75312000 	C:\Windows\system32\MSASN1.dll
0x756a0000 - 0x756be000 	C:\Windows\system32\USERENV.dll
0x75680000 - 0x75694000 	C:\Windows\system32\Secur32.dll
0x75cf0000 - 0x75d19000 	C:\Windows\system32\imagehlp.dll
0x73a20000 - 0x73a41000 	C:\Windows\system32\AUDIOSES.DLL
0x739a0000 - 0x73a06000 	C:\Windows\system32\audioeng.dll
0x73eb0000 - 0x73eb9000 	C:\Windows\system32\msacm32.drv
0x73860000 - 0x73874000 	C:\Windows\system32\MSACM32.dll
0x73ac0000 - 0x73ac7000 	C:\Windows\system32\midimap.dll
0x6e2a0000 - 0x6e2b1000 	C:\Windows\system32\vfwwdm32.dll
0x76910000 - 0x76994000 	C:\Windows\system32\CLBCatQ.DLL
0x6dbf0000 - 0x6dc03000 	C:\Windows\system32\devenum.dll
0x6e6d0000 - 0x6e6db000 	C:\Windows\system32\msdmo.dll
0x083d0000 - 0x083f6000 	C:\Windows\system32\ksproxy.ax
0x6e660000 - 0x6e669000 	C:\Windows\system32\vidcap.ax
0x08400000 - 0x0841a000 	C:\Windows\system32\kswdmcap.ax
0x6cd40000 - 0x6ce5b000 	C:\Windows\system32\MFC42.dll
0x771b0000 - 0x771dd000 	C:\Windows\system32\WS2_32.dll
0x770e0000 - 0x770e6000 	C:\Windows\system32\NSI.dll
0x6d5c0000 - 0x6d625000 	C:\Windows\system32\ODBC32.dll
0x08950000 - 0x08988000 	C:\Windows\system32\odbcint.dll
0x6d2d0000 - 0x6d302000 	C:\Windows\system32\qcap.dll
0x6cb90000 - 0x6cd03000 	C:\Windows\system32\quartz.dll
0x08420000 - 0x08433000 	C:\Windows\system32\DXVA2.DLL
0x6d7c0000 - 0x6d7c9000 	C:\Windows\system32\msyuv.dll
0x08ad0000 - 0x08adb000 	C:\Windows\System32\jmvcm.dll
0x08ae0000 - 0x08ae8000 	C:\Windows\System32\jmddraw.dll
0x09180000 - 0x09265000 	C:\Windows\system32\DDRAW.dll
0x74b40000 - 0x74b61000 	C:\Windows\system32\NTMARTA.DLL
0x770f0000 - 0x77139000 	C:\Windows\system32\WLDAP32.dll
0x755d0000 - 0x755e1000 	C:\Windows\system32\SAMLIB.dll
0x09010000 - 0x0901a000 	C:\Windows\System32\jmgdi.dll
0x09020000 - 0x09033000 	C:\Program Files\Java\jre6\bin\net.dll
0x74e80000 - 0x74ebb000 	C:\Windows\system32\mswsock.dll
0x74e60000 - 0x74e65000 	C:\Windows\System32\wship6.dll
0x6d630000 - 0x6d639000 	C:\Program Files\Java\jre6\bin\nio.dll
0x6d360000 - 0x6d366000 	C:\Program Files\Java\jre6\bin\jawt.dll
0x098f0000 - 0x098f9000 	C:\Windows\System32\jmfjawt.dll
0x74b00000 - 0x74b05000 	C:\Windows\System32\wshtcpip.dll
0x74640000 - 0x7464f000 	C:\Windows\system32\NLAapi.dll
0x75100000 - 0x75119000 	C:\Windows\system32\IPHLPAPI.DLL
0x750c0000 - 0x750f5000 	C:\Windows\system32\dhcpcsvc.DLL
0x755f0000 - 0x7561c000 	C:\Windows\system32\DNSAPI.dll
0x755c0000 - 0x755c7000 	C:\Windows\system32\WINNSI.DLL
0x75090000 - 0x750b2000 	C:\Windows\system32\dhcpcsvc6.DLL
0x73fa0000 - 0x73faf000 	C:\Windows\system32\napinsp.dll
0x73aa0000 - 0x73ab2000 	C:\Windows\system32\pnrpnsp.dll
0x73ec0000 - 0x73ec8000 	C:\Windows\System32\winrnr.dll
0x73bd0000 - 0x73bdc000 	C:\Windows\system32\wshbth.dll
0x740a0000 - 0x740a6000 	C:\Windows\system32\rasadhlp.dll
0x09900000 - 0x09916000 	C:\Windows\system32\iccvid.dll
0x0a500000 - 0x0a50e000 	C:\Windows\System32\jmcvid.dll
0x0a510000 - 0x0a52b000 	C:\Windows\System32\jmh263enc.dll

VM Arguments:
jvm_args: -Dfile.encoding=Cp1252 
java_command: syscontrolsdemo.SysControlMain
Launcher Type: SUN_STANDARD

Environment Variables:
CLASSPATH=.;.;C:\PROGRA~1\JMF21~1.1E\lib\sound.jar;C:\PROGRA~1\JMF21~1.1E\lib\jmf.jar;C:\PROGRA~1\JMF21~1.1E\lib;
PATH=C:/Program Files/Java/jre6/bin/client;C:/Program Files/Java/jre6/bin;C:\Windows\system32;C:\Windows;C:\Windows\System32\Wbem;C:\Program Files\CyberLink\Power2Go;C:\Python26;C:\Program Files\SML\bin\;C:\Program Files\TortoiseSVN\bin;C:\Program Files\MySQL\MySQL Server 5.5\bin
USERNAME=Caleb
OS=Windows_NT
PROCESSOR_IDENTIFIER=x86 Family 17 Model 3 Stepping 1, AuthenticAMD



---------------  S Y S T E M  ---------------

OS: Windows Vista Build 6002 Service Pack 2

CPU:total 2 (2 cores per cpu, 1 threads per core) family 17 model 3 stepping 1, cmov, cx8, fxsr, mmx, sse, sse2, sse3, mmxext, 3dnow, 3dnowext

Memory: 4k page, physical 2881220k(1545188k free), swap 5998440k(4401664k free)

vm_info: Java HotSpot(TM) Client VM (16.3-b01) for windows-x86 JRE (1.6.0_20-b02), built on Apr 12 2010 13:52:23 by "java_re" with MS VC++ 7.1 (VS2003)

time: Sat Jun 05 18:33:06 2010
elapsed time: 13 seconds

